<?xml version="1.0" encoding="UTF-8"?>
<testng-results skipped="0" failed="0" ignored="0" total="1" passed="1">
  <reporter-output>
  </reporter-output>
  <suite name="Default suite" duration-ms="797" started-at="2022-09-20T14:56:54Z" finished-at="2022-09-20T14:56:55Z">
    <groups>
    </groups>
    <test name="Default test" duration-ms="797" started-at="2022-09-20T14:56:54Z" finished-at="2022-09-20T14:56:55Z">
      <class name="Team">
        <test-method status="PASS" signature="playerverification()[pri:0, instance:Team@3a5ed7a6]" name="playerverification" duration-ms="717" started-at="2022-09-20T14:56:54Z" finished-at="2022-09-20T14:56:55Z">
          <reporter-output>
          </reporter-output>
        </test-method> <!-- playerverification -->
      </class> <!-- Team -->
    </test> <!-- Default test -->
  </suite> <!-- Default suite -->
</testng-results>
